https://files.rcsb.org/download/6US3.pdb.gz
https://files.rcsb.org/download/1PE5.pdb.gz
https://files.rcsb.org/download/1U8H.pdb.gz
https://files.rcsb.org/download/3KZN.pdb.gz
https://files.rcsb.org/download/4Y2B.pdb.gz
https://files.rcsb.org/download/2Z7Q.pdb.gz
https://files.rcsb.org/download/2ZDZ.pdb.gz
https://files.rcsb.org/download/1PI4.pdb.gz
https://files.rcsb.org/download/3MXD.pdb.gz
https://files.rcsb.org/download/3M24.pdb.gz
https://files.rcsb.org/download/2ZHP.pdb.gz
https://files.rcsb.org/download/3BDV.pdb.gz
https://files.rcsb.org/download/3C0U.pdb.gz
https://files.rcsb.org/download/3C17.pdb.gz
https://files.rcsb.org/download/2F9C.pdb.gz
https://files.rcsb.org/download/5W31.pdb.gz
https://files.rcsb.org/download/3QBC.pdb.gz
https://files.rcsb.org/download/5NLY.pdb.gz
https://files.rcsb.org/download/1G67.pdb.gz
https://files.rcsb.org/download/4K7S.pdb.gz
https://files.rcsb.org/download/2CJP.pdb.gz
https://files.rcsb.org/download/6M0U.pdb.gz
https://files.rcsb.org/download/6Q35.pdb.gz
https://files.rcsb.org/download/6NEA.pdb.gz
