https://files.rcsb.org/download/5EUJ.pdb.gz
https://files.rcsb.org/download/5WIT.pdb.gz
https://files.rcsb.org/download/6SH1.pdb.gz
https://files.rcsb.org/download/6SS0.pdb.gz
https://files.rcsb.org/download/6SS5.pdb.gz
https://files.rcsb.org/download/6SXU.pdb.gz
https://files.rcsb.org/download/6T1C.pdb.gz
https://files.rcsb.org/download/6T44.pdb.gz
https://files.rcsb.org/download/6T8U.pdb.gz
https://files.rcsb.org/download/6TKS.pdb.gz
https://files.rcsb.org/download/6TBY.pdb.gz
https://files.rcsb.org/download/6TN4.pdb.gz
https://files.rcsb.org/download/6TIN.pdb.gz
https://files.rcsb.org/download/6TN1.pdb.gz
https://files.rcsb.org/download/6TO9.pdb.gz
https://files.rcsb.org/download/6TRV.pdb.gz
https://files.rcsb.org/download/6TUL.pdb.gz
https://files.rcsb.org/download/6VGS.pdb.gz
https://files.rcsb.org/download/6Y9K.pdb.gz
https://files.rcsb.org/download/6XW0.pdb.gz
https://files.rcsb.org/download/6XYJ.pdb.gz
https://files.rcsb.org/download/6YQ0.pdb.gz
https://files.rcsb.org/download/6YRX.pdb.gz
https://files.rcsb.org/download/6W1Q.pdb.gz
https://files.rcsb.org/download/6YXZ.pdb.gz
https://files.rcsb.org/download/6Z5F.pdb.gz
https://files.rcsb.org/download/6ZIN.pdb.gz
https://files.rcsb.org/download/6ZPV.pdb.gz
https://files.rcsb.org/download/6ZIV.pdb.gz
https://files.rcsb.org/download/6ZBA.pdb.gz
https://files.rcsb.org/download/7A0J.pdb.gz
https://files.rcsb.org/download/6ZQ0.pdb.gz
https://files.rcsb.org/download/7AZ0.pdb.gz
https://files.rcsb.org/download/7B4O.pdb.gz
https://files.rcsb.org/download/7B25.pdb.gz
https://files.rcsb.org/download/7BBO.pdb.gz
https://files.rcsb.org/download/7BE0.pdb.gz
https://files.rcsb.org/download/7MFS.pdb.gz
https://files.rcsb.org/download/7BG5.pdb.gz
https://files.rcsb.org/download/7BK7.pdb.gz
https://files.rcsb.org/download/7L81.pdb.gz
https://files.rcsb.org/download/7MXZ.pdb.gz
https://files.rcsb.org/download/7NVJ.pdb.gz
https://files.rcsb.org/download/7NZC.pdb.gz
https://files.rcsb.org/download/7NZQ.pdb.gz
https://files.rcsb.org/download/7OIT.pdb.gz
https://files.rcsb.org/download/7P1N.pdb.gz
https://files.rcsb.org/download/7OLW.pdb.gz
https://files.rcsb.org/download/7ORQ.pdb.gz
https://files.rcsb.org/download/7PE5.pdb.gz
https://files.rcsb.org/download/7PQ6.pdb.gz
https://files.rcsb.org/download/7P50.pdb.gz
https://files.rcsb.org/download/7QC7.pdb.gz
https://files.rcsb.org/download/7PZ1.pdb.gz
https://files.rcsb.org/download/7QD7.pdb.gz
https://files.rcsb.org/download/7QF5.pdb.gz
https://files.rcsb.org/download/7QO2.pdb.gz
https://files.rcsb.org/download/7QFH.pdb.gz
https://files.rcsb.org/download/7QUK.pdb.gz
https://files.rcsb.org/download/7R2Y.pdb.gz
https://files.rcsb.org/download/7RF7.pdb.gz
https://files.rcsb.org/download/7X5T.pdb.gz
https://files.rcsb.org/download/7QOR.pdb.gz
https://files.rcsb.org/download/7RQ9.pdb.gz
https://files.rcsb.org/download/7W1C.pdb.gz
https://files.rcsb.org/download/7YZH.pdb.gz
https://files.rcsb.org/download/7YZS.pdb.gz
https://files.rcsb.org/download/7Z9N.pdb.gz
https://files.rcsb.org/download/7Z9W.pdb.gz
https://files.rcsb.org/download/7ZL6.pdb.gz
https://files.rcsb.org/download/7ZG2.pdb.gz
https://files.rcsb.org/download/7ZE9.pdb.gz
https://files.rcsb.org/download/8AGO.pdb.gz
https://files.rcsb.org/download/8AP0.pdb.gz
https://files.rcsb.org/download/8B5I.pdb.gz
https://files.rcsb.org/download/8B5H.pdb.gz
https://files.rcsb.org/download/8A2L.pdb.gz
https://files.rcsb.org/download/8DWB.pdb.gz
https://files.rcsb.org/download/8E6G.pdb.gz
https://files.rcsb.org/download/8EQ9.pdb.gz
https://files.rcsb.org/download/8ER4.pdb.gz
https://files.rcsb.org/download/8EQE.pdb.gz
https://files.rcsb.org/download/4ABZ.pdb.gz
https://files.rcsb.org/download/5IBB.pdb.gz
https://files.rcsb.org/download/5NDK.pdb.gz
https://files.rcsb.org/download/5MX7.pdb.gz
https://files.rcsb.org/download/6ND6.pdb.gz
https://files.rcsb.org/download/6EKC.pdb.gz
https://files.rcsb.org/download/6SWN.pdb.gz
https://files.rcsb.org/download/6SWV.pdb.gz
https://files.rcsb.org/download/6SRX.pdb.gz
https://files.rcsb.org/download/6SZD.pdb.gz
https://files.rcsb.org/download/6T2N.pdb.gz
https://files.rcsb.org/download/6T2O.pdb.gz
https://files.rcsb.org/download/6SYX.pdb.gz
https://files.rcsb.org/download/6T6Q.pdb.gz
https://files.rcsb.org/download/6TC7.pdb.gz
https://files.rcsb.org/download/6TEF.pdb.gz
https://files.rcsb.org/download/6TKM.pdb.gz
https://files.rcsb.org/download/6TQ2.pdb.gz
https://files.rcsb.org/download/6TMQ.pdb.gz
https://files.rcsb.org/download/6TLU.pdb.gz
https://files.rcsb.org/download/6TS1.pdb.gz
https://files.rcsb.org/download/6TT5.pdb.gz
https://files.rcsb.org/download/6TW6.pdb.gz
https://files.rcsb.org/download/6TMZ.pdb.gz
https://files.rcsb.org/download/6TXQ.pdb.gz
https://files.rcsb.org/download/6TW7.pdb.gz
https://files.rcsb.org/download/6X6Y.pdb.gz
https://files.rcsb.org/download/6V41.pdb.gz
https://files.rcsb.org/download/6XHY.pdb.gz
https://files.rcsb.org/download/6W1V.pdb.gz
https://files.rcsb.org/download/6Y4A.pdb.gz
https://files.rcsb.org/download/6Y65.pdb.gz
https://files.rcsb.org/download/6YQR.pdb.gz
https://files.rcsb.org/download/6YAX.pdb.gz
https://files.rcsb.org/download/6Z1T.pdb.gz
https://files.rcsb.org/download/6Z4S.pdb.gz
https://files.rcsb.org/download/6Z4H.pdb.gz
https://files.rcsb.org/download/6ZFN.pdb.gz
https://files.rcsb.org/download/6Z4M.pdb.gz
https://files.rcsb.org/download/6ZPZ.pdb.gz
https://files.rcsb.org/download/6ZPX.pdb.gz
https://files.rcsb.org/download/7AIA.pdb.gz
https://files.rcsb.org/download/7AC0.pdb.gz
https://files.rcsb.org/download/7A9Z.pdb.gz
https://files.rcsb.org/download/7BDZ.pdb.gz
https://files.rcsb.org/download/7AN1.pdb.gz
https://files.rcsb.org/download/7AJL.pdb.gz
https://files.rcsb.org/download/7ATH.pdb.gz
https://files.rcsb.org/download/7AV8.pdb.gz
https://files.rcsb.org/download/7BO7.pdb.gz
https://files.rcsb.org/download/7F25.pdb.gz
https://files.rcsb.org/download/7JQU.pdb.gz
https://files.rcsb.org/download/7KV7.pdb.gz
https://files.rcsb.org/download/7MF0.pdb.gz
https://files.rcsb.org/download/7NBC.pdb.gz
https://files.rcsb.org/download/7NDU.pdb.gz
https://files.rcsb.org/download/7MD7.pdb.gz
https://files.rcsb.org/download/7NBH.pdb.gz
https://files.rcsb.org/download/7NDT.pdb.gz
https://files.rcsb.org/download/7NR2.pdb.gz
https://files.rcsb.org/download/7NRJ.pdb.gz
https://files.rcsb.org/download/7OAQ.pdb.gz
https://files.rcsb.org/download/7NSX.pdb.gz
https://files.rcsb.org/download/7OFU.pdb.gz
https://files.rcsb.org/download/7ORX.pdb.gz
https://files.rcsb.org/download/7OS6.pdb.gz
https://files.rcsb.org/download/7OZF.pdb.gz
https://files.rcsb.org/download/7OGQ.pdb.gz
https://files.rcsb.org/download/7OU8.pdb.gz
https://files.rcsb.org/download/7P6F.pdb.gz
https://files.rcsb.org/download/7PJO.pdb.gz
https://files.rcsb.org/download/7PA3.pdb.gz
https://files.rcsb.org/download/7P5U.pdb.gz
https://files.rcsb.org/download/7PLR.pdb.gz
https://files.rcsb.org/download/7PQ2.pdb.gz
https://files.rcsb.org/download/7Q17.pdb.gz
https://files.rcsb.org/download/7Q8F.pdb.gz
https://files.rcsb.org/download/7Q9R.pdb.gz
https://files.rcsb.org/download/7QU7.pdb.gz
https://files.rcsb.org/download/7QGF.pdb.gz
https://files.rcsb.org/download/7QSE.pdb.gz
https://files.rcsb.org/download/7QUZ.pdb.gz
https://files.rcsb.org/download/7QWH.pdb.gz
https://files.rcsb.org/download/7RQD.pdb.gz
https://files.rcsb.org/download/7T8O.pdb.gz
https://files.rcsb.org/download/7T1X.pdb.gz
https://files.rcsb.org/download/7SU7.pdb.gz
https://files.rcsb.org/download/7WVH.pdb.gz
https://files.rcsb.org/download/7Z55.pdb.gz
https://files.rcsb.org/download/7ZAJ.pdb.gz
https://files.rcsb.org/download/8AJ4.pdb.gz
https://files.rcsb.org/download/8BOV.pdb.gz
https://files.rcsb.org/download/8AJ5.pdb.gz
https://files.rcsb.org/download/8B2C.pdb.gz
https://files.rcsb.org/download/8CVK.pdb.gz
https://files.rcsb.org/download/8ECA.pdb.gz
https://files.rcsb.org/download/8EC9.pdb.gz
https://files.rcsb.org/download/8DCM.pdb.gz
https://files.rcsb.org/download/8EMY.pdb.gz
https://files.rcsb.org/download/4W2G.pdb.gz
https://files.rcsb.org/download/8FV7.pdb.gz
https://files.rcsb.org/download/4W2I.pdb.gz
https://files.rcsb.org/download/4Y4P.pdb.gz
https://files.rcsb.org/download/5HCP.pdb.gz
https://files.rcsb.org/download/6G8H.pdb.gz
https://files.rcsb.org/download/6DHE.pdb.gz
https://files.rcsb.org/download/6GSJ.pdb.gz
https://files.rcsb.org/download/6HIF.pdb.gz
https://files.rcsb.org/download/6I7V.pdb.gz
https://files.rcsb.org/download/6O97.pdb.gz
https://files.rcsb.org/download/6SWP.pdb.gz
https://files.rcsb.org/download/6T7N.pdb.gz
https://files.rcsb.org/download/6T92.pdb.gz
https://files.rcsb.org/download/6TCY.pdb.gz
https://files.rcsb.org/download/6TWO.pdb.gz
https://files.rcsb.org/download/6TSR.pdb.gz
https://files.rcsb.org/download/6TSB.pdb.gz
https://files.rcsb.org/download/6TKA.pdb.gz
https://files.rcsb.org/download/6VVI.pdb.gz
https://files.rcsb.org/download/6VVH.pdb.gz
https://files.rcsb.org/download/6WFJ.pdb.gz
https://files.rcsb.org/download/6W1O.pdb.gz
https://files.rcsb.org/download/6XI1.pdb.gz
https://files.rcsb.org/download/6Y0S.pdb.gz
https://files.rcsb.org/download/6YAB.pdb.gz
https://files.rcsb.org/download/6YJS.pdb.gz
https://files.rcsb.org/download/6YH0.pdb.gz
https://files.rcsb.org/download/6YQ3.pdb.gz
https://files.rcsb.org/download/6YQA.pdb.gz
https://files.rcsb.org/download/6YUL.pdb.gz
https://files.rcsb.org/download/6Z2E.pdb.gz
https://files.rcsb.org/download/6YV3.pdb.gz
https://files.rcsb.org/download/6Z39.pdb.gz
https://files.rcsb.org/download/6ZA8.pdb.gz
https://files.rcsb.org/download/6ZO1.pdb.gz
https://files.rcsb.org/download/6ZO0.pdb.gz
https://files.rcsb.org/download/6ZMZ.pdb.gz
https://files.rcsb.org/download/7A0F.pdb.gz
https://files.rcsb.org/download/7B24.pdb.gz
https://files.rcsb.org/download/7AAI.pdb.gz
https://files.rcsb.org/download/7AJR.pdb.gz
https://files.rcsb.org/download/7BGZ.pdb.gz
https://files.rcsb.org/download/7B69.pdb.gz
https://files.rcsb.org/download/7BBP.pdb.gz
https://files.rcsb.org/download/7BNU.pdb.gz
https://files.rcsb.org/download/7NPY.pdb.gz
https://files.rcsb.org/download/7LMH.pdb.gz
https://files.rcsb.org/download/7JGL.pdb.gz
https://files.rcsb.org/download/7NBR.pdb.gz
https://files.rcsb.org/download/7NBS.pdb.gz
https://files.rcsb.org/download/7NRA.pdb.gz
https://files.rcsb.org/download/7NQ0.pdb.gz
https://files.rcsb.org/download/7NZP.pdb.gz
https://files.rcsb.org/download/7O5N.pdb.gz
https://files.rcsb.org/download/7OCJ.pdb.gz
https://files.rcsb.org/download/7OEP.pdb.gz
https://files.rcsb.org/download/7OIJ.pdb.gz
https://files.rcsb.org/download/7OMW.pdb.gz
https://files.rcsb.org/download/7OLU.pdb.gz
https://files.rcsb.org/download/7P24.pdb.gz
https://files.rcsb.org/download/7ORP.pdb.gz
https://files.rcsb.org/download/7P26.pdb.gz
https://files.rcsb.org/download/7PE6.pdb.gz
https://files.rcsb.org/download/7PEP.pdb.gz
https://files.rcsb.org/download/7PWJ.pdb.gz
https://files.rcsb.org/download/7PI1.pdb.gz
https://files.rcsb.org/download/7PRS.pdb.gz
https://files.rcsb.org/download/7PUS.pdb.gz
https://files.rcsb.org/download/7Q2O.pdb.gz
https://files.rcsb.org/download/7Q2T.pdb.gz
https://files.rcsb.org/download/7Q14.pdb.gz
https://files.rcsb.org/download/7Q8P.pdb.gz
https://files.rcsb.org/download/7QCQ.pdb.gz
https://files.rcsb.org/download/7QHI.pdb.gz
https://files.rcsb.org/download/7QHW.pdb.gz
https://files.rcsb.org/download/7QQ8.pdb.gz
https://files.rcsb.org/download/7R0Y.pdb.gz
https://files.rcsb.org/download/7QYM.pdb.gz
https://files.rcsb.org/download/7R5X.pdb.gz
https://files.rcsb.org/download/7R5C.pdb.gz
https://files.rcsb.org/download/7R3D.pdb.gz
https://files.rcsb.org/download/7RF5.pdb.gz
https://files.rcsb.org/download/7RSZ.pdb.gz
https://files.rcsb.org/download/7T1W.pdb.gz
https://files.rcsb.org/download/7T8N.pdb.gz
https://files.rcsb.org/download/7TD9.pdb.gz
https://files.rcsb.org/download/7ULI.pdb.gz
https://files.rcsb.org/download/7UXX.pdb.gz
https://files.rcsb.org/download/7Z0N.pdb.gz
https://files.rcsb.org/download/7Z89.pdb.gz
https://files.rcsb.org/download/7Z9T.pdb.gz
https://files.rcsb.org/download/7Z9Z.pdb.gz
https://files.rcsb.org/download/7ZG8.pdb.gz
https://files.rcsb.org/download/7ZA8.pdb.gz
https://files.rcsb.org/download/8B5G.pdb.gz
https://files.rcsb.org/download/8ANX.pdb.gz
https://files.rcsb.org/download/8B4N.pdb.gz
https://files.rcsb.org/download/8B5J.pdb.gz
https://files.rcsb.org/download/8B7O.pdb.gz
https://files.rcsb.org/download/8BQO.pdb.gz
https://files.rcsb.org/download/8E4Z.pdb.gz
https://files.rcsb.org/download/8OMT.pdb.gz
https://files.rcsb.org/download/8EDK.pdb.gz
https://files.rcsb.org/download/4U3U.pdb.gz
https://files.rcsb.org/download/4V9H.pdb.gz
https://files.rcsb.org/download/4W2E.pdb.gz
https://files.rcsb.org/download/5E81.pdb.gz
https://files.rcsb.org/download/6ND5.pdb.gz
https://files.rcsb.org/download/6SGL.pdb.gz
https://files.rcsb.org/download/6T5O.pdb.gz
https://files.rcsb.org/download/6SS4.pdb.gz
https://files.rcsb.org/download/6T75.pdb.gz
https://files.rcsb.org/download/6TSQ.pdb.gz
https://files.rcsb.org/download/6TSF.pdb.gz
https://files.rcsb.org/download/6TW8.pdb.gz
https://files.rcsb.org/download/6V9T.pdb.gz
https://files.rcsb.org/download/6Y8K.pdb.gz
https://files.rcsb.org/download/6Y60.pdb.gz
https://files.rcsb.org/download/6YR1.pdb.gz
https://files.rcsb.org/download/6YQC.pdb.gz
https://files.rcsb.org/download/6YPX.pdb.gz
https://files.rcsb.org/download/6ZB2.pdb.gz
https://files.rcsb.org/download/6ZDK.pdb.gz
https://files.rcsb.org/download/6ZF9.pdb.gz
https://files.rcsb.org/download/6ZDW.pdb.gz
https://files.rcsb.org/download/7A0E.pdb.gz
https://files.rcsb.org/download/7APH.pdb.gz
https://files.rcsb.org/download/7BEB.pdb.gz
https://files.rcsb.org/download/7ANU.pdb.gz
https://files.rcsb.org/download/7B1Y.pdb.gz
https://files.rcsb.org/download/7L7X.pdb.gz
https://files.rcsb.org/download/7NEO.pdb.gz
https://files.rcsb.org/download/7NQG.pdb.gz
https://files.rcsb.org/download/7NBF.pdb.gz
https://files.rcsb.org/download/7NQ5.pdb.gz
https://files.rcsb.org/download/7NTD.pdb.gz
https://files.rcsb.org/download/7NWV.pdb.gz
https://files.rcsb.org/download/7O00.pdb.gz
https://files.rcsb.org/download/7O5V.pdb.gz
https://files.rcsb.org/download/7O5T.pdb.gz
https://files.rcsb.org/download/7O9R.pdb.gz
https://files.rcsb.org/download/7OJO.pdb.gz
https://files.rcsb.org/download/7P9Y.pdb.gz
https://files.rcsb.org/download/7PBC.pdb.gz
https://files.rcsb.org/download/7P2Z.pdb.gz
https://files.rcsb.org/download/7PDW.pdb.gz
https://files.rcsb.org/download/7PRI.pdb.gz
https://files.rcsb.org/download/7PDR.pdb.gz
https://files.rcsb.org/download/7PZG.pdb.gz
https://files.rcsb.org/download/7PWI.pdb.gz
https://files.rcsb.org/download/7Q9H.pdb.gz
https://files.rcsb.org/download/7Q2P.pdb.gz
https://files.rcsb.org/download/7QXC.pdb.gz
https://files.rcsb.org/download/7R05.pdb.gz
https://files.rcsb.org/download/7QZM.pdb.gz
https://files.rcsb.org/download/7YWT.pdb.gz
https://files.rcsb.org/download/7XW0.pdb.gz
https://files.rcsb.org/download/7ZAF.pdb.gz
https://files.rcsb.org/download/7Z5S.pdb.gz
https://files.rcsb.org/download/7VUB.pdb.gz
https://files.rcsb.org/download/7ZA7.pdb.gz
https://files.rcsb.org/download/7ZCD.pdb.gz
https://files.rcsb.org/download/7ZIP.pdb.gz
https://files.rcsb.org/download/8AOO.pdb.gz
https://files.rcsb.org/download/8AOZ.pdb.gz
https://files.rcsb.org/download/8E3P.pdb.gz
https://files.rcsb.org/download/8EID.pdb.gz
https://files.rcsb.org/download/8E4I.pdb.gz
https://files.rcsb.org/download/8EKN.pdb.gz
https://files.rcsb.org/download/8EN5.pdb.gz
https://files.rcsb.org/download/8EN6.pdb.gz
https://files.rcsb.org/download/8FBU.pdb.gz
https://files.rcsb.org/download/8FBF.pdb.gz
https://files.rcsb.org/download/8OPZ.pdb.gz
https://files.rcsb.org/download/8OQ1.pdb.gz
https://files.rcsb.org/download/1VY7.pdb.gz
https://files.rcsb.org/download/1VY4.pdb.gz
https://files.rcsb.org/download/4V45.pdb.gz
https://files.rcsb.org/download/4V6H.pdb.gz
https://files.rcsb.org/download/4V4M.pdb.gz
https://files.rcsb.org/download/4V9P.pdb.gz
https://files.rcsb.org/download/5J4C.pdb.gz
https://files.rcsb.org/download/6RAV.pdb.gz
https://files.rcsb.org/download/6T42.pdb.gz
https://files.rcsb.org/download/6CAE.pdb.gz
https://files.rcsb.org/download/6SLA.pdb.gz
https://files.rcsb.org/download/6SR7.pdb.gz
https://files.rcsb.org/download/6TKE.pdb.gz
https://files.rcsb.org/download/6TKQ.pdb.gz
https://files.rcsb.org/download/6TIO.pdb.gz
https://files.rcsb.org/download/6TN5.pdb.gz
https://files.rcsb.org/download/6W1T.pdb.gz
https://files.rcsb.org/download/6WEV.pdb.gz
https://files.rcsb.org/download/6XHW.pdb.gz
https://files.rcsb.org/download/6XXX.pdb.gz
https://files.rcsb.org/download/6Y0K.pdb.gz
https://files.rcsb.org/download/6YJU.pdb.gz
https://files.rcsb.org/download/6Y33.pdb.gz
https://files.rcsb.org/download/6Z5H.pdb.gz
https://files.rcsb.org/download/6ZB3.pdb.gz
https://files.rcsb.org/download/6ZB1.pdb.gz
https://files.rcsb.org/download/6ZNB.pdb.gz
https://files.rcsb.org/download/6ZPS.pdb.gz
https://files.rcsb.org/download/6ZJ4.pdb.gz
https://files.rcsb.org/download/6ZR7.pdb.gz
https://files.rcsb.org/download/7B21.pdb.gz
https://files.rcsb.org/download/7A8Y.pdb.gz
https://files.rcsb.org/download/7AKS.pdb.gz
https://files.rcsb.org/download/7BF1.pdb.gz
https://files.rcsb.org/download/7BLH.pdb.gz
https://files.rcsb.org/download/7MKR.pdb.gz
https://files.rcsb.org/download/7NMY.pdb.gz
https://files.rcsb.org/download/7MX6.pdb.gz
https://files.rcsb.org/download/7NKT.pdb.gz
https://files.rcsb.org/download/7OES.pdb.gz
https://files.rcsb.org/download/7NQ1.pdb.gz
https://files.rcsb.org/download/7OAO.pdb.gz
https://files.rcsb.org/download/7OMU.pdb.gz
https://files.rcsb.org/download/7OMX.pdb.gz
https://files.rcsb.org/download/7OMZ.pdb.gz
https://files.rcsb.org/download/7OQV.pdb.gz
https://files.rcsb.org/download/7OVW.pdb.gz
https://files.rcsb.org/download/7OZ8.pdb.gz
https://files.rcsb.org/download/7OYK.pdb.gz
https://files.rcsb.org/download/7OZY.pdb.gz
https://files.rcsb.org/download/7P1Y.pdb.gz
https://files.rcsb.org/download/7P6Y.pdb.gz
https://files.rcsb.org/download/7P6V.pdb.gz
https://files.rcsb.org/download/7PMZ.pdb.gz
https://files.rcsb.org/download/7PRG.pdb.gz
https://files.rcsb.org/download/7PQA.pdb.gz
https://files.rcsb.org/download/7PTZ.pdb.gz
https://files.rcsb.org/download/7PWX.pdb.gz
https://files.rcsb.org/download/7Q63.pdb.gz
https://files.rcsb.org/download/7Q5T.pdb.gz
https://files.rcsb.org/download/7Q3I.pdb.gz
https://files.rcsb.org/download/7Q8H.pdb.gz
https://files.rcsb.org/download/7QF4.pdb.gz
https://files.rcsb.org/download/7Q9S.pdb.gz
https://files.rcsb.org/download/7QSF.pdb.gz
https://files.rcsb.org/download/7QYX.pdb.gz
https://files.rcsb.org/download/7QYY.pdb.gz
https://files.rcsb.org/download/7REV.pdb.gz
https://files.rcsb.org/download/7SU4.pdb.gz
https://files.rcsb.org/download/7SSH.pdb.gz
https://files.rcsb.org/download/7VUM.pdb.gz
https://files.rcsb.org/download/7TDV.pdb.gz
https://files.rcsb.org/download/7UC3.pdb.gz
https://files.rcsb.org/download/7U8C.pdb.gz
https://files.rcsb.org/download/7Z3K.pdb.gz
https://files.rcsb.org/download/7ZC0.pdb.gz
https://files.rcsb.org/download/7ZE7.pdb.gz
https://files.rcsb.org/download/8A3K.pdb.gz
https://files.rcsb.org/download/7ZG1.pdb.gz
https://files.rcsb.org/download/7ZUL.pdb.gz
https://files.rcsb.org/download/8AH0.pdb.gz
https://files.rcsb.org/download/8B7L.pdb.gz
https://files.rcsb.org/download/7ZUK.pdb.gz
https://files.rcsb.org/download/8ETL.pdb.gz
https://files.rcsb.org/download/8AIY.pdb.gz
https://files.rcsb.org/download/8BI3.pdb.gz
https://files.rcsb.org/download/8EUT.pdb.gz
https://files.rcsb.org/download/8FV9.pdb.gz
https://files.rcsb.org/download/2BTJ.pdb.gz
https://files.rcsb.org/download/8OUC.pdb.gz
https://files.rcsb.org/download/4LNT.pdb.gz
https://files.rcsb.org/download/5BKL.pdb.gz
https://files.rcsb.org/download/6QSW.pdb.gz
https://files.rcsb.org/download/6SLB.pdb.gz
https://files.rcsb.org/download/6I46.pdb.gz
https://files.rcsb.org/download/6SH2.pdb.gz
https://files.rcsb.org/download/6SYP.pdb.gz
https://files.rcsb.org/download/6SWO.pdb.gz
https://files.rcsb.org/download/6TKB.pdb.gz
https://files.rcsb.org/download/6TKC.pdb.gz
https://files.rcsb.org/download/6TM4.pdb.gz
https://files.rcsb.org/download/6TS0.pdb.gz
https://files.rcsb.org/download/6TVQ.pdb.gz
https://files.rcsb.org/download/6TSJ.pdb.gz
https://files.rcsb.org/download/6VHO.pdb.gz
https://files.rcsb.org/download/6Y61.pdb.gz
https://files.rcsb.org/download/6YD2.pdb.gz
https://files.rcsb.org/download/6YPZ.pdb.gz
https://files.rcsb.org/download/6YMH.pdb.gz
https://files.rcsb.org/download/6YJT.pdb.gz
https://files.rcsb.org/download/6Z3I.pdb.gz
https://files.rcsb.org/download/6Z84.pdb.gz
https://files.rcsb.org/download/6Z7F.pdb.gz
https://files.rcsb.org/download/6Z4O.pdb.gz
https://files.rcsb.org/download/6Z4I.pdb.gz
https://files.rcsb.org/download/6ZRX.pdb.gz
https://files.rcsb.org/download/6Z8N.pdb.gz
https://files.rcsb.org/download/6ZNY.pdb.gz
https://files.rcsb.org/download/6ZRZ.pdb.gz
https://files.rcsb.org/download/6ZSP.pdb.gz
https://files.rcsb.org/download/6ZYT.pdb.gz
https://files.rcsb.org/download/7A26.pdb.gz
https://files.rcsb.org/download/7ALX.pdb.gz
https://files.rcsb.org/download/7AAE.pdb.gz
https://files.rcsb.org/download/7AI1.pdb.gz
https://files.rcsb.org/download/7B0M.pdb.gz
https://files.rcsb.org/download/7AV5.pdb.gz
https://files.rcsb.org/download/7B4I.pdb.gz
https://files.rcsb.org/download/7BK5.pdb.gz
https://files.rcsb.org/download/7BF2.pdb.gz
https://files.rcsb.org/download/7BNS.pdb.gz
https://files.rcsb.org/download/7KV3.pdb.gz
https://files.rcsb.org/download/7KV5.pdb.gz
https://files.rcsb.org/download/7KV6.pdb.gz
https://files.rcsb.org/download/7NB1.pdb.gz
https://files.rcsb.org/download/7L18.pdb.gz
https://files.rcsb.org/download/7LMI.pdb.gz
https://files.rcsb.org/download/7NB2.pdb.gz
https://files.rcsb.org/download/7NH6.pdb.gz
https://files.rcsb.org/download/7NSY.pdb.gz
https://files.rcsb.org/download/7NWY.pdb.gz
https://files.rcsb.org/download/7OBO.pdb.gz
https://files.rcsb.org/download/7OUJ.pdb.gz
https://files.rcsb.org/download/7OVA.pdb.gz
https://files.rcsb.org/download/7OZA.pdb.gz
https://files.rcsb.org/download/7PGY.pdb.gz
https://files.rcsb.org/download/7PDB.pdb.gz
https://files.rcsb.org/download/7PPX.pdb.gz
https://files.rcsb.org/download/7PKC.pdb.gz
https://files.rcsb.org/download/7Q2N.pdb.gz
https://files.rcsb.org/download/7Q7Q.pdb.gz
https://files.rcsb.org/download/7Q31.pdb.gz
https://files.rcsb.org/download/7QBH.pdb.gz
https://files.rcsb.org/download/7QB5.pdb.gz
https://files.rcsb.org/download/7QLS.pdb.gz
https://files.rcsb.org/download/7QHK.pdb.gz
https://files.rcsb.org/download/7QF9.pdb.gz
https://files.rcsb.org/download/7QH9.pdb.gz
https://files.rcsb.org/download/7QRK.pdb.gz
https://files.rcsb.org/download/7R1O.pdb.gz
https://files.rcsb.org/download/7RYK.pdb.gz
https://files.rcsb.org/download/7RSX.pdb.gz
https://files.rcsb.org/download/7U2J.pdb.gz
https://files.rcsb.org/download/7Z9Y.pdb.gz
https://files.rcsb.org/download/7Z1R.pdb.gz
https://files.rcsb.org/download/7ZA0.pdb.gz
https://files.rcsb.org/download/7ZU6.pdb.gz
https://files.rcsb.org/download/7ZRA.pdb.gz
https://files.rcsb.org/download/8A2M.pdb.gz
https://files.rcsb.org/download/8FVC.pdb.gz
https://files.rcsb.org/download/8EN1.pdb.gz
https://files.rcsb.org/download/8E0P.pdb.gz
https://files.rcsb.org/download/8GPU.pdb.gz
https://files.rcsb.org/download/6I49.pdb.gz
https://files.rcsb.org/download/8HB9.pdb.gz
https://files.rcsb.org/download/4U4R.pdb.gz
https://files.rcsb.org/download/6SGG.pdb.gz
https://files.rcsb.org/download/6TMM.pdb.gz
https://files.rcsb.org/download/6TG4.pdb.gz
https://files.rcsb.org/download/6TUR.pdb.gz
https://files.rcsb.org/download/6SS2.pdb.gz
https://files.rcsb.org/download/6X6G.pdb.gz
https://files.rcsb.org/download/6TSA.pdb.gz
https://files.rcsb.org/download/6TXS.pdb.gz
https://files.rcsb.org/download/6WKS.pdb.gz
https://files.rcsb.org/download/6WEU.pdb.gz
https://files.rcsb.org/download/6XQD.pdb.gz
https://files.rcsb.org/download/6X6I.pdb.gz
https://files.rcsb.org/download/6Y7Q.pdb.gz
https://files.rcsb.org/download/6Y2I.pdb.gz
https://files.rcsb.org/download/6YXL.pdb.gz
https://files.rcsb.org/download/6YR2.pdb.gz
https://files.rcsb.org/download/6YD3.pdb.gz
https://files.rcsb.org/download/6YRV.pdb.gz
https://files.rcsb.org/download/6YVR.pdb.gz
https://files.rcsb.org/download/6YYQ.pdb.gz
https://files.rcsb.org/download/6ZHC.pdb.gz
https://files.rcsb.org/download/6Z3V.pdb.gz
https://files.rcsb.org/download/6YZF.pdb.gz
https://files.rcsb.org/download/6ZIB.pdb.gz
https://files.rcsb.org/download/6ZQ1.pdb.gz
https://files.rcsb.org/download/6ZK0.pdb.gz
https://files.rcsb.org/download/6ZZC.pdb.gz
https://files.rcsb.org/download/7A9Y.pdb.gz
https://files.rcsb.org/download/7AF2.pdb.gz
https://files.rcsb.org/download/7AEL.pdb.gz
https://files.rcsb.org/download/7ATL.pdb.gz
https://files.rcsb.org/download/7AHZ.pdb.gz
https://files.rcsb.org/download/7B2T.pdb.gz
https://files.rcsb.org/download/7B6A.pdb.gz
https://files.rcsb.org/download/7BF9.pdb.gz
https://files.rcsb.org/download/7MKS.pdb.gz
https://files.rcsb.org/download/7M50.pdb.gz
https://files.rcsb.org/download/7KR6.pdb.gz
https://files.rcsb.org/download/7NSZ.pdb.gz
https://files.rcsb.org/download/7NBD.pdb.gz
https://files.rcsb.org/download/7O5W.pdb.gz
https://files.rcsb.org/download/7NYN.pdb.gz
https://files.rcsb.org/download/7O87.pdb.gz
https://files.rcsb.org/download/7O9N.pdb.gz
https://files.rcsb.org/download/7OER.pdb.gz
https://files.rcsb.org/download/7OAY.pdb.gz
https://files.rcsb.org/download/7OGY.pdb.gz
https://files.rcsb.org/download/7P7W.pdb.gz
https://files.rcsb.org/download/7OJM.pdb.gz
https://files.rcsb.org/download/7P32.pdb.gz
https://files.rcsb.org/download/7PGZ.pdb.gz
https://files.rcsb.org/download/7PJ4.pdb.gz
https://files.rcsb.org/download/7Q30.pdb.gz
https://files.rcsb.org/download/7Q8G.pdb.gz
https://files.rcsb.org/download/7Q4T.pdb.gz
https://files.rcsb.org/download/7Q8M.pdb.gz
https://files.rcsb.org/download/7QFF.pdb.gz
https://files.rcsb.org/download/7QEL.pdb.gz
https://files.rcsb.org/download/7QE3.pdb.gz
https://files.rcsb.org/download/7OGO.pdb.gz
https://files.rcsb.org/download/7QF2.pdb.gz
https://files.rcsb.org/download/7QXD.pdb.gz
https://files.rcsb.org/download/7PGO.pdb.gz
https://files.rcsb.org/download/7RQC.pdb.gz
https://files.rcsb.org/download/7RQA.pdb.gz
https://files.rcsb.org/download/7T68.pdb.gz
https://files.rcsb.org/download/7QOB.pdb.gz
https://files.rcsb.org/download/7U2H.pdb.gz
https://files.rcsb.org/download/7Z9S.pdb.gz
https://files.rcsb.org/download/7ZIO.pdb.gz
https://files.rcsb.org/download/7ZFO.pdb.gz
https://files.rcsb.org/download/8A5N.pdb.gz
https://files.rcsb.org/download/7ZX0.pdb.gz
https://files.rcsb.org/download/7ZWB.pdb.gz
https://files.rcsb.org/download/8A47.pdb.gz
https://files.rcsb.org/download/8A18.pdb.gz
https://files.rcsb.org/download/8AGK.pdb.gz
https://files.rcsb.org/download/8AH1.pdb.gz
https://files.rcsb.org/download/8BXU.pdb.gz
https://files.rcsb.org/download/8AMT.pdb.gz
https://files.rcsb.org/download/4UE3.pdb.gz
https://files.rcsb.org/download/8EPU.pdb.gz
https://files.rcsb.org/download/4WQU.pdb.gz
https://files.rcsb.org/download/8FBD.pdb.gz
https://files.rcsb.org/download/4YBB.pdb.gz
https://files.rcsb.org/download/4V41.pdb.gz
https://files.rcsb.org/download/6CFJ.pdb.gz
https://files.rcsb.org/download/5J8B.pdb.gz
https://files.rcsb.org/download/5VP2.pdb.gz
https://files.rcsb.org/download/5MKL.pdb.gz
https://files.rcsb.org/download/6DHF.pdb.gz
https://files.rcsb.org/download/6QL9.pdb.gz
https://files.rcsb.org/download/6GUA.pdb.gz
https://files.rcsb.org/download/6IA9.pdb.gz
https://files.rcsb.org/download/6QZD.pdb.gz
https://files.rcsb.org/download/6SLC.pdb.gz
https://files.rcsb.org/download/6SGM.pdb.gz
https://files.rcsb.org/download/6R0E.pdb.gz
https://files.rcsb.org/download/6SQQ.pdb.gz
https://files.rcsb.org/download/6SX4.pdb.gz
https://files.rcsb.org/download/6TIB.pdb.gz
https://files.rcsb.org/download/6T9R.pdb.gz
https://files.rcsb.org/download/6T2P.pdb.gz
https://files.rcsb.org/download/6TOC.pdb.gz
https://files.rcsb.org/download/6V8W.pdb.gz
https://files.rcsb.org/download/6X6H.pdb.gz
https://files.rcsb.org/download/6XXF.pdb.gz
https://files.rcsb.org/download/6WLA.pdb.gz
https://files.rcsb.org/download/6TNL.pdb.gz
https://files.rcsb.org/download/6XY3.pdb.gz
https://files.rcsb.org/download/6Y34.pdb.gz
https://files.rcsb.org/download/6YOZ.pdb.gz
https://files.rcsb.org/download/6YRU.pdb.gz
https://files.rcsb.org/download/6YTN.pdb.gz
https://files.rcsb.org/download/6ZT0.pdb.gz
https://files.rcsb.org/download/6Z3C.pdb.gz
https://files.rcsb.org/download/6Z7L.pdb.gz
https://files.rcsb.org/download/6YY5.pdb.gz
https://files.rcsb.org/download/7AA1.pdb.gz
https://files.rcsb.org/download/7NB3.pdb.gz
https://files.rcsb.org/download/7AV4.pdb.gz
https://files.rcsb.org/download/7B4P.pdb.gz
https://files.rcsb.org/download/7N7X.pdb.gz
https://files.rcsb.org/download/7F2N.pdb.gz
https://files.rcsb.org/download/7NBG.pdb.gz
https://files.rcsb.org/download/7NQ9.pdb.gz
https://files.rcsb.org/download/7NWP.pdb.gz
https://files.rcsb.org/download/7O2T.pdb.gz
https://files.rcsb.org/download/7O6X.pdb.gz
https://files.rcsb.org/download/7ORD.pdb.gz
https://files.rcsb.org/download/7ON0.pdb.gz
https://files.rcsb.org/download/7P4D.pdb.gz
https://files.rcsb.org/download/7OAP.pdb.gz
https://files.rcsb.org/download/7P35.pdb.gz
https://files.rcsb.org/download/7P7O.pdb.gz
https://files.rcsb.org/download/7PQN.pdb.gz
https://files.rcsb.org/download/7PQ3.pdb.gz
https://files.rcsb.org/download/7PSE.pdb.gz
https://files.rcsb.org/download/7PNH.pdb.gz
https://files.rcsb.org/download/7PWH.pdb.gz
https://files.rcsb.org/download/7Q4S.pdb.gz
https://files.rcsb.org/download/7Q1I.pdb.gz
https://files.rcsb.org/download/7Q32.pdb.gz
https://files.rcsb.org/download/7Q8N.pdb.gz
https://files.rcsb.org/download/7Q8I.pdb.gz
https://files.rcsb.org/download/7QDF.pdb.gz
https://files.rcsb.org/download/7QDL.pdb.gz
https://files.rcsb.org/download/7Q91.pdb.gz
https://files.rcsb.org/download/7QHJ.pdb.gz
https://files.rcsb.org/download/7QQ0.pdb.gz
https://files.rcsb.org/download/7QNP.pdb.gz
https://files.rcsb.org/download/7QON.pdb.gz
https://files.rcsb.org/download/7QUM.pdb.gz
https://files.rcsb.org/download/7RF8.pdb.gz
https://files.rcsb.org/download/7RYD.pdb.gz
https://files.rcsb.org/download/7TCV.pdb.gz
https://files.rcsb.org/download/7Z62.pdb.gz
https://files.rcsb.org/download/7Z9U.pdb.gz
https://files.rcsb.org/download/7ZA9.pdb.gz
https://files.rcsb.org/download/7ZAS.pdb.gz
https://files.rcsb.org/download/7ZFS.pdb.gz
https://files.rcsb.org/download/7ZW3.pdb.gz
https://files.rcsb.org/download/8AYD.pdb.gz
https://files.rcsb.org/download/8B0C.pdb.gz
https://files.rcsb.org/download/8ETO.pdb.gz
https://files.rcsb.org/download/8CI0.pdb.gz
https://files.rcsb.org/download/1VY6.pdb.gz
https://files.rcsb.org/download/8FVA.pdb.gz
https://files.rcsb.org/download/8JBZ.pdb.gz
https://files.rcsb.org/download/4U24.pdb.gz
https://files.rcsb.org/download/5F8K.pdb.gz
https://files.rcsb.org/download/5HCR.pdb.gz
https://files.rcsb.org/download/5FDU.pdb.gz
https://files.rcsb.org/download/5J5B.pdb.gz
https://files.rcsb.org/download/5WIS.pdb.gz
https://files.rcsb.org/download/6KEM.pdb.gz
https://files.rcsb.org/download/6S5V.pdb.gz
https://files.rcsb.org/download/6SQV.pdb.gz
https://files.rcsb.org/download/6T2R.pdb.gz
https://files.rcsb.org/download/6T8Z.pdb.gz
https://files.rcsb.org/download/6T8Y.pdb.gz
https://files.rcsb.org/download/6T6G.pdb.gz
https://files.rcsb.org/download/6T7G.pdb.gz
https://files.rcsb.org/download/6TG8.pdb.gz
https://files.rcsb.org/download/6TSO.pdb.gz
https://files.rcsb.org/download/6XXG.pdb.gz
https://files.rcsb.org/download/6TIC.pdb.gz
https://files.rcsb.org/download/6Y67.pdb.gz
https://files.rcsb.org/download/6Z3N.pdb.gz
https://files.rcsb.org/download/6YDV.pdb.gz
https://files.rcsb.org/download/6YQB.pdb.gz
https://files.rcsb.org/download/6YTP.pdb.gz
https://files.rcsb.org/download/6Y7M.pdb.gz
https://files.rcsb.org/download/6Z4J.pdb.gz
https://files.rcsb.org/download/6ZI1.pdb.gz
https://files.rcsb.org/download/6Z8P.pdb.gz
https://files.rcsb.org/download/6ZIC.pdb.gz
https://files.rcsb.org/download/7AET.pdb.gz
https://files.rcsb.org/download/6ZZ5.pdb.gz
https://files.rcsb.org/download/6ZPY.pdb.gz
https://files.rcsb.org/download/6ZSR.pdb.gz
https://files.rcsb.org/download/7AI0.pdb.gz
https://files.rcsb.org/download/7AHY.pdb.gz
https://files.rcsb.org/download/7B74.pdb.gz
https://files.rcsb.org/download/7BKX.pdb.gz
https://files.rcsb.org/download/7KV4.pdb.gz
https://files.rcsb.org/download/7BIJ.pdb.gz
https://files.rcsb.org/download/7NMT.pdb.gz
https://files.rcsb.org/download/7NFV.pdb.gz
https://files.rcsb.org/download/7NQ2.pdb.gz
https://files.rcsb.org/download/7NRR.pdb.gz
https://files.rcsb.org/download/7NXZ.pdb.gz
https://files.rcsb.org/download/7NWN.pdb.gz
https://files.rcsb.org/download/7NZH.pdb.gz
https://files.rcsb.org/download/7P0K.pdb.gz
https://files.rcsb.org/download/7OHO.pdb.gz
https://files.rcsb.org/download/7OGZ.pdb.gz
https://files.rcsb.org/download/7ONP.pdb.gz
https://files.rcsb.org/download/7OK6.pdb.gz
https://files.rcsb.org/download/7OZB.pdb.gz
https://files.rcsb.org/download/7P75.pdb.gz
https://files.rcsb.org/download/7PGX.pdb.gz
https://files.rcsb.org/download/7PA2.pdb.gz
https://files.rcsb.org/download/7PA9.pdb.gz
https://files.rcsb.org/download/7PXO.pdb.gz
https://files.rcsb.org/download/7PMO.pdb.gz
https://files.rcsb.org/download/7PJ6.pdb.gz
https://files.rcsb.org/download/7PZH.pdb.gz
https://files.rcsb.org/download/7Q5I.pdb.gz
https://files.rcsb.org/download/7QYL.pdb.gz
https://files.rcsb.org/download/7QWO.pdb.gz
https://files.rcsb.org/download/7QSI.pdb.gz
https://files.rcsb.org/download/7R30.pdb.gz
https://files.rcsb.org/download/7RSY.pdb.gz
https://files.rcsb.org/download/7RZ2.pdb.gz
https://files.rcsb.org/download/7UQU.pdb.gz
https://files.rcsb.org/download/7S0P.pdb.gz
https://files.rcsb.org/download/7ST3.pdb.gz
https://files.rcsb.org/download/7Z9O.pdb.gz
https://files.rcsb.org/download/7Z1D.pdb.gz
https://files.rcsb.org/download/7ZAR.pdb.gz
https://files.rcsb.org/download/7ZAA.pdb.gz
https://files.rcsb.org/download/7ZS6.pdb.gz
https://files.rcsb.org/download/7ZAM.pdb.gz
https://files.rcsb.org/download/8AIJ.pdb.gz
https://files.rcsb.org/download/8C0I.pdb.gz
https://files.rcsb.org/download/8DP9.pdb.gz
https://files.rcsb.org/download/8EKF.pdb.gz
https://files.rcsb.org/download/8EQ7.pdb.gz
https://files.rcsb.org/download/4Z8C.pdb.gz
https://files.rcsb.org/download/4Y4O.pdb.gz
https://files.rcsb.org/download/4W2H.pdb.gz
https://files.rcsb.org/download/5DOY.pdb.gz
https://files.rcsb.org/download/5W4K.pdb.gz
https://files.rcsb.org/download/6DHG.pdb.gz
https://files.rcsb.org/download/6L9T.pdb.gz
